#! /usr/bin/vvp
:ivl_version "10.3 (stable)";
:ivl_delay_selection "TYPICAL";
:vpi_time_precision - 9;
:vpi_module "system";
:vpi_module "vhdl_sys";
:vpi_module "v2005_math";
:vpi_module "va_math";
S_0x564b8bd3c120 .scope module, "counter_16bit_tb" "counter_16bit_tb" 2 3;
 .timescale -9 -9;
v0x564b8bd853e0_0 .var/i "i", 31 0;
v0x564b8bd854c0_0 .var "r_clk", 0 0;
v0x564b8bd855b0_0 .var "r_rst_async", 0 0;
v0x564b8bd856b0_0 .net "w_count", 15 0, v0x564b8bd851e0_0;  1 drivers
S_0x564b8bd3c2a0 .scope module, "counter_1" "counter_16bit" 2 11, 3 1 0, S_0x564b8bd3c120;
 .timescale -9 -9;
    .port_info 0 /INPUT 1 "clk"
    .port_info 1 /INPUT 1 "rst_async"
    .port_info 2 /OUTPUT 16 "count"
v0x564b8bd74650_0 .net "clk", 0 0, v0x564b8bd854c0_0;  1 drivers
v0x564b8bd851e0_0 .var "count", 15 0;
v0x564b8bd852c0_0 .net "rst_async", 0 0, v0x564b8bd855b0_0;  1 drivers
E_0x564b8bd3c600 .event posedge, v0x564b8bd74650_0;
    .scope S_0x564b8bd3c2a0;
T_0 ;
    %wait E_0x564b8bd3c600;
    %load/vec4 v0x564b8bd852c0_0;
    %flag_set/vec4 8;
    %jmp/0xz  T_0.0, 8;
    %load/vec4 v0x564b8bd851e0_0;
    %addi 1, 0, 16;
    %assign/vec4 v0x564b8bd851e0_0, 0;
    %jmp T_0.1;
T_0.0 ;
    %pushi/vec4 0, 0, 16;
    %assign/vec4 v0x564b8bd851e0_0, 0;
T_0.1 ;
    %jmp T_0;
    .thread T_0;
    .scope S_0x564b8bd3c120;
T_1 ;
    %pushi/vec4 0, 0, 1;
    %store/vec4 v0x564b8bd854c0_0, 0, 1;
    %pushi/vec4 0, 0, 1;
    %store/vec4 v0x564b8bd855b0_0, 0, 1;
    %delay 2, 0;
    %pushi/vec4 1, 0, 1;
    %store/vec4 v0x564b8bd855b0_0, 0, 1;
    %end;
    .thread T_1;
    .scope S_0x564b8bd3c120;
T_2 ;
    %vpi_call 2 29 "$monitor", v0x564b8bd854c0_0, v0x564b8bd856b0_0 {0 0 0};
    %vpi_call 2 30 "$dumpfile", "counter_16bit.vcd" {0 0 0};
    %vpi_call 2 31 "$dumpvars", 32'sb00000000000000000000000000000000, S_0x564b8bd3c120 {0 0 0};
    %pushi/vec4 0, 0, 32;
    %store/vec4 v0x564b8bd853e0_0, 0, 32;
T_2.0 ;
    %load/vec4 v0x564b8bd853e0_0;
    %cmpi/s 1025, 0, 32;
    %jmp/0xz T_2.1, 5;
    %load/vec4 v0x564b8bd854c0_0;
    %inv;
    %assign/vec4 v0x564b8bd854c0_0, 0;
    %delay 1, 0;
    %load/vec4 v0x564b8bd853e0_0;
    %addi 1, 0, 32;
    %store/vec4 v0x564b8bd853e0_0, 0, 32;
    %jmp T_2.0;
T_2.1 ;
    %pushi/vec4 0, 0, 1;
    %store/vec4 v0x564b8bd855b0_0, 0, 1;
    %pushi/vec4 0, 0, 32;
    %store/vec4 v0x564b8bd853e0_0, 0, 32;
T_2.2 ;
    %load/vec4 v0x564b8bd853e0_0;
    %cmpi/s 4000, 0, 32;
    %jmp/0xz T_2.3, 5;
    %load/vec4 v0x564b8bd854c0_0;
    %inv;
    %assign/vec4 v0x564b8bd854c0_0, 0;
    %delay 1, 0;
    %load/vec4 v0x564b8bd853e0_0;
    %addi 1, 0, 32;
    %store/vec4 v0x564b8bd853e0_0, 0, 32;
    %jmp T_2.2;
T_2.3 ;
    %end;
    .thread T_2;
# The file index is used to find the file name in the following table.
:file_names 4;
    "N/A";
    "<interactive>";
    "counter_16bit_tb.v";
    "counter_16bit.v";
