#! /usr/bin/vvp
:ivl_version "10.3 (stable)";
:ivl_delay_selection "TYPICAL";
:vpi_time_precision - 9;
:vpi_module "system";
:vpi_module "vhdl_sys";
:vpi_module "v2005_math";
:vpi_module "va_math";
S_0x55db106c8150 .scope module, "adder_subtractor_8_tb" "adder_subtractor_8_tb" 2 4;
 .timescale -9 -9;
v0x55db1071dc90_0 .var "r_cin", 0 0;
v0x55db1071dd50_0 .var "r_sel", 0 0;
v0x55db1071de20_0 .var "r_x", 7 0;
v0x55db1071df20_0 .var "r_y", 7 0;
v0x55db1071dff0_0 .net "w_cout", 0 0, v0x55db1071d6a0_0;  1 drivers
v0x55db1071e0e0_0 .net "w_overflow", 0 0, v0x55db1071d760_0;  1 drivers
v0x55db1071e1b0_0 .net "w_result", 7 0, v0x55db1071d800_0;  1 drivers
S_0x55db106c82d0 .scope module, "test1" "adder_subtractor_8" 2 15, 3 5 0, S_0x55db106c8150;
 .timescale -9 -9;
    .port_info 0 /INPUT 8 "x"
    .port_info 1 /INPUT 8 "y"
    .port_info 2 /INPUT 1 "cin"
    .port_info 3 /INPUT 1 "sel"
    .port_info 4 /OUTPUT 8 "result"
    .port_info 5 /OUTPUT 1 "cout"
    .port_info 6 /OUTPUT 1 "overflow"
v0x55db10706870_0 .net "cin", 0 0, v0x55db1071dc90_0;  1 drivers
v0x55db1071d6a0_0 .var "cout", 0 0;
v0x55db1071d760_0 .var "overflow", 0 0;
v0x55db1071d800_0 .var "result", 7 0;
v0x55db1071d8e0_0 .net "sel", 0 0, v0x55db1071dd50_0;  1 drivers
v0x55db1071d9f0_0 .net "x", 7 0, v0x55db1071de20_0;  1 drivers
v0x55db1071dad0_0 .net "y", 7 0, v0x55db1071df20_0;  1 drivers
E_0x55db107076a0 .event edge, v0x55db1071d8e0_0, v0x55db1071dad0_0, v0x55db1071d9f0_0, v0x55db10706870_0;
    .scope S_0x55db106c82d0;
T_0 ;
    %wait E_0x55db107076a0;
    %load/vec4 v0x55db1071d8e0_0;
    %flag_set/vec4 8;
    %jmp/0xz  T_0.0, 8;
    %pushi/vec4 0, 1, 1;
    %store/vec4 v0x55db1071d6a0_0, 0, 1;
    %load/vec4 v0x55db1071dad0_0;
    %pad/u 9;
    %inv;
    %load/vec4 v0x55db1071d9f0_0;
    %pad/u 9;
    %add;
    %load/vec4 v0x55db1071d8e0_0;
    %pad/u 9;
    %add;
    %split/vec4 8;
    %store/vec4 v0x55db1071d800_0, 0, 8;
    %store/vec4 v0x55db1071d760_0, 0, 1;
    %jmp T_0.1;
T_0.0 ;
    %pushi/vec4 0, 1, 1;
    %store/vec4 v0x55db1071d760_0, 0, 1;
    %load/vec4 v0x55db1071d9f0_0;
    %pad/u 9;
    %load/vec4 v0x55db1071dad0_0;
    %pad/u 9;
    %add;
    %load/vec4 v0x55db10706870_0;
    %pad/u 9;
    %add;
    %split/vec4 8;
    %store/vec4 v0x55db1071d800_0, 0, 8;
    %store/vec4 v0x55db1071d6a0_0, 0, 1;
T_0.1 ;
    %jmp T_0;
    .thread T_0, $push;
    .scope S_0x55db106c8150;
T_1 ;
    %vpi_call 2 19 "$monitor", v0x55db1071de20_0, v0x55db1071df20_0, v0x55db1071dc90_0, v0x55db1071e1b0_0, v0x55db1071dff0_0 {0 0 0};
    %vpi_call 2 20 "$dumpfile", "adder_subtractor_8_tb.vcd" {0 0 0};
    %vpi_call 2 21 "$dumpvars", 32'sb00000000000000000000000000000000, S_0x55db106c8150 {0 0 0};
    %delay 5, 0;
    %pushi/vec4 0, 0, 1;
    %store/vec4 v0x55db1071dd50_0, 0, 1;
    %pushi/vec4 0, 0, 8;
    %assign/vec4 v0x55db1071de20_0, 0;
    %pushi/vec4 0, 0, 8;
    %assign/vec4 v0x55db1071df20_0, 0;
    %pushi/vec4 0, 0, 1;
    %assign/vec4 v0x55db1071dc90_0, 0;
    %delay 5, 0;
    %pushi/vec4 0, 0, 8;
    %assign/vec4 v0x55db1071de20_0, 0;
    %pushi/vec4 0, 0, 8;
    %assign/vec4 v0x55db1071df20_0, 0;
    %pushi/vec4 1, 0, 1;
    %assign/vec4 v0x55db1071dc90_0, 0;
    %delay 5, 0;
    %pushi/vec4 255, 0, 8;
    %assign/vec4 v0x55db1071de20_0, 0;
    %pushi/vec4 255, 0, 8;
    %assign/vec4 v0x55db1071df20_0, 0;
    %pushi/vec4 1, 0, 1;
    %assign/vec4 v0x55db1071dc90_0, 0;
    %delay 5, 0;
    %pushi/vec4 1, 0, 8;
    %assign/vec4 v0x55db1071de20_0, 0;
    %pushi/vec4 255, 0, 8;
    %assign/vec4 v0x55db1071df20_0, 0;
    %pushi/vec4 0, 0, 1;
    %assign/vec4 v0x55db1071dc90_0, 0;
    %delay 5, 0;
    %pushi/vec4 255, 0, 8;
    %assign/vec4 v0x55db1071de20_0, 0;
    %pushi/vec4 0, 0, 8;
    %assign/vec4 v0x55db1071df20_0, 0;
    %pushi/vec4 1, 0, 1;
    %assign/vec4 v0x55db1071dc90_0, 0;
    %delay 5, 0;
    %pushi/vec4 100, 0, 8;
    %assign/vec4 v0x55db1071de20_0, 0;
    %pushi/vec4 50, 0, 8;
    %assign/vec4 v0x55db1071df20_0, 0;
    %pushi/vec4 0, 0, 1;
    %assign/vec4 v0x55db1071dc90_0, 0;
    %delay 5, 0;
    %pushi/vec4 100, 0, 8;
    %assign/vec4 v0x55db1071de20_0, 0;
    %pushi/vec4 50, 0, 8;
    %assign/vec4 v0x55db1071df20_0, 0;
    %pushi/vec4 1, 0, 1;
    %assign/vec4 v0x55db1071dc90_0, 0;
    %delay 5, 0;
    %pushi/vec4 200, 0, 8;
    %assign/vec4 v0x55db1071de20_0, 0;
    %pushi/vec4 100, 0, 8;
    %assign/vec4 v0x55db1071df20_0, 0;
    %pushi/vec4 0, 0, 1;
    %assign/vec4 v0x55db1071dc90_0, 0;
    %delay 5, 0;
    %pushi/vec4 200, 0, 8;
    %assign/vec4 v0x55db1071de20_0, 0;
    %pushi/vec4 100, 0, 8;
    %assign/vec4 v0x55db1071df20_0, 0;
    %pushi/vec4 1, 0, 1;
    %assign/vec4 v0x55db1071dc90_0, 0;
    %delay 15, 0;
    %pushi/vec4 1, 0, 1;
    %assign/vec4 v0x55db1071dd50_0, 0;
    %pushi/vec4 0, 0, 8;
    %assign/vec4 v0x55db1071de20_0, 0;
    %pushi/vec4 0, 0, 8;
    %assign/vec4 v0x55db1071df20_0, 0;
    %pushi/vec4 0, 0, 1;
    %assign/vec4 v0x55db1071dc90_0, 0;
    %delay 5, 0;
    %pushi/vec4 1, 0, 8;
    %assign/vec4 v0x55db1071de20_0, 0;
    %pushi/vec4 0, 0, 8;
    %assign/vec4 v0x55db1071df20_0, 0;
    %pushi/vec4 1, 0, 1;
    %assign/vec4 v0x55db1071dc90_0, 0;
    %delay 5, 0;
    %pushi/vec4 0, 0, 8;
    %assign/vec4 v0x55db1071de20_0, 0;
    %pushi/vec4 1, 0, 8;
    %assign/vec4 v0x55db1071df20_0, 0;
    %pushi/vec4 0, 0, 1;
    %assign/vec4 v0x55db1071dc90_0, 0;
    %delay 5, 0;
    %pushi/vec4 200, 0, 8;
    %assign/vec4 v0x55db1071de20_0, 0;
    %pushi/vec4 0, 0, 8;
    %assign/vec4 v0x55db1071df20_0, 0;
    %pushi/vec4 0, 0, 1;
    %assign/vec4 v0x55db1071dc90_0, 0;
    %delay 5, 0;
    %pushi/vec4 100, 0, 8;
    %assign/vec4 v0x55db1071de20_0, 0;
    %pushi/vec4 1, 0, 8;
    %assign/vec4 v0x55db1071df20_0, 0;
    %pushi/vec4 0, 0, 1;
    %assign/vec4 v0x55db1071dc90_0, 0;
    %delay 5, 0;
    %pushi/vec4 255, 0, 8;
    %assign/vec4 v0x55db1071de20_0, 0;
    %pushi/vec4 255, 0, 8;
    %assign/vec4 v0x55db1071df20_0, 0;
    %pushi/vec4 0, 0, 1;
    %assign/vec4 v0x55db1071dc90_0, 0;
    %delay 5, 0;
    %pushi/vec4 100, 0, 8;
    %assign/vec4 v0x55db1071de20_0, 0;
    %pushi/vec4 50, 0, 8;
    %assign/vec4 v0x55db1071df20_0, 0;
    %pushi/vec4 1, 0, 1;
    %assign/vec4 v0x55db1071dc90_0, 0;
    %delay 5, 0;
    %pushi/vec4 0, 0, 8;
    %assign/vec4 v0x55db1071de20_0, 0;
    %pushi/vec4 1, 0, 8;
    %assign/vec4 v0x55db1071df20_0, 0;
    %pushi/vec4 0, 0, 1;
    %assign/vec4 v0x55db1071dc90_0, 0;
    %delay 5, 0;
    %pushi/vec4 100, 0, 8;
    %assign/vec4 v0x55db1071de20_0, 0;
    %pushi/vec4 200, 0, 8;
    %assign/vec4 v0x55db1071df20_0, 0;
    %pushi/vec4 1, 0, 1;
    %assign/vec4 v0x55db1071dc90_0, 0;
    %delay 5, 0;
    %pushi/vec4 100, 0, 8;
    %assign/vec4 v0x55db1071de20_0, 0;
    %pushi/vec4 200, 0, 8;
    %assign/vec4 v0x55db1071df20_0, 0;
    %pushi/vec4 0, 0, 1;
    %assign/vec4 v0x55db1071dc90_0, 0;
    %end;
    .thread T_1;
# The file index is used to find the file name in the following table.
:file_names 4;
    "N/A";
    "<interactive>";
    "adder_subtractor_8_tb.v";
    "adder_subtractor_8.v";
